<?xml version="1.0" encoding="UTF-8"?>
<!-- Generated by org.testng.reporters.JUnitReportReporter -->
<testsuite hostname="DESKTOP-40EN1NK" failures="0" tests="1" name="testr.Classtow" time="4.872" errors="0" timestamp="2023-11-14T15:01:51 EET" skipped="0">
  <testcase classname="testr.Classtow" name="myTest" time="4.872"/>
  <system-out/>
</testsuite> <!-- testr.Classtow -->
